0 info it worked if it ends with ok
1 verbose cli [ 'node', '/usr/local/bin/npm', 'publish' ]
2 info using npm@1.1.66
3 info using node@v0.8.15
4 verbose publish [ '.' ]
5 verbose read json /Users/Matthew/js/npm/randomString/package.json
6 verbose cache add [ '.', null ]
7 silly cache add name=undefined spec="." args=[".",null]
8 verbose parsed url { pathname: '.', path: '.', href: '.' }
9 silly lockFile 3a52ce78- .
10 verbose lock . /Users/Matthew/.npm/3a52ce78-.lock
11 verbose read json package.json
12 verbose tar pack [ '/var/folders/9r/04vj3c651z35fv7zlnx1tf6r0000gn/T/npm-43410/1368008209008-0.833623849786818/tmp.tgz',
12 verbose tar pack   '.' ]
13 verbose tarball /var/folders/9r/04vj3c651z35fv7zlnx1tf6r0000gn/T/npm-43410/1368008209008-0.833623849786818/tmp.tgz
14 verbose folder .
15 info prepublish randomString@0.0.0
16 silly lockFile 8ea16d1d-209008-0-833623849786818-tmp-tgz /var/folders/9r/04vj3c651z35fv7zlnx1tf6r0000gn/T/npm-43410/1368008209008-0.833623849786818/tmp.tgz
17 verbose lock /var/folders/9r/04vj3c651z35fv7zlnx1tf6r0000gn/T/npm-43410/1368008209008-0.833623849786818/tmp.tgz /Users/Matthew/.npm/8ea16d1d-209008-0-833623849786818-tmp-tgz.lock
18 silly lockFile 8ea16d1d-209008-0-833623849786818-tmp-tgz /var/folders/9r/04vj3c651z35fv7zlnx1tf6r0000gn/T/npm-43410/1368008209008-0.833623849786818/tmp.tgz
19 verbose tar unpack /var/folders/9r/04vj3c651z35fv7zlnx1tf6r0000gn/T/npm-43410/1368008209008-0.833623849786818/tmp.tgz
20 silly lockFile e0618b13-209008-0-833623849786818-package /var/folders/9r/04vj3c651z35fv7zlnx1tf6r0000gn/T/npm-43410/1368008209008-0.833623849786818/package
21 verbose lock /var/folders/9r/04vj3c651z35fv7zlnx1tf6r0000gn/T/npm-43410/1368008209008-0.833623849786818/package /Users/Matthew/.npm/e0618b13-209008-0-833623849786818-package.lock
22 silly gunzTarPerm modes [ '755', '644' ]
23 silly gunzTarPerm extractEntry package.json
24 silly gunzTarPerm extractEntry README.md
25 silly gunzTarPerm extractEntry index.js
26 verbose read json /var/folders/9r/04vj3c651z35fv7zlnx1tf6r0000gn/T/npm-43410/1368008209008-0.833623849786818/package/package.json
27 silly lockFile e0618b13-209008-0-833623849786818-package /var/folders/9r/04vj3c651z35fv7zlnx1tf6r0000gn/T/npm-43410/1368008209008-0.833623849786818/package
28 verbose from cache /var/folders/9r/04vj3c651z35fv7zlnx1tf6r0000gn/T/npm-43410/1368008209008-0.833623849786818/package/package.json
29 verbose tar pack [ '/Users/Matthew/.npm/randomString/0.0.0/package.tgz',
29 verbose tar pack   '/var/folders/9r/04vj3c651z35fv7zlnx1tf6r0000gn/T/npm-43410/1368008209008-0.833623849786818/package' ]
30 verbose tarball /Users/Matthew/.npm/randomString/0.0.0/package.tgz
31 verbose folder /var/folders/9r/04vj3c651z35fv7zlnx1tf6r0000gn/T/npm-43410/1368008209008-0.833623849786818/package
32 silly lockFile 4854242d-m-randomString-0-0-0-package-tgz /Users/Matthew/.npm/randomString/0.0.0/package.tgz
33 verbose lock /Users/Matthew/.npm/randomString/0.0.0/package.tgz /Users/Matthew/.npm/4854242d-m-randomString-0-0-0-package-tgz.lock
34 silly lockFile 4854242d-m-randomString-0-0-0-package-tgz /Users/Matthew/.npm/randomString/0.0.0/package.tgz
35 silly lockFile aa094670-w-npm-randomString-0-0-0-package /Users/Matthew/.npm/randomString/0.0.0/package
36 verbose lock /Users/Matthew/.npm/randomString/0.0.0/package /Users/Matthew/.npm/aa094670-w-npm-randomString-0-0-0-package.lock
37 silly lockFile aa094670-w-npm-randomString-0-0-0-package /Users/Matthew/.npm/randomString/0.0.0/package
38 verbose tar unpack /Users/Matthew/.npm/randomString/0.0.0/package.tgz
39 silly lockFile aa094670-w-npm-randomString-0-0-0-package /Users/Matthew/.npm/randomString/0.0.0/package
40 verbose lock /Users/Matthew/.npm/randomString/0.0.0/package /Users/Matthew/.npm/aa094670-w-npm-randomString-0-0-0-package.lock
41 silly gunzTarPerm modes [ '755', '644' ]
42 silly gunzTarPerm extractEntry package.json
43 silly gunzTarPerm extractEntry README.md
44 silly gunzTarPerm extractEntry index.js
45 verbose read json /Users/Matthew/.npm/randomString/0.0.0/package/package.json
46 silly lockFile aa094670-w-npm-randomString-0-0-0-package /Users/Matthew/.npm/randomString/0.0.0/package
47 silly shasum updated bytes 979
48 info shasum aa9d0af077bf6d10b1fe80e0629d1417dcfe8f76
48 info shasum /Users/Matthew/.npm/randomString/0.0.0/package.tgz
49 verbose from cache /Users/Matthew/.npm/randomString/0.0.0/package/package.json
50 verbose chmod /Users/Matthew/.npm/randomString/0.0.0/package.tgz 644
51 verbose chown /Users/Matthew/.npm/randomString/0.0.0/package.tgz [ 501, 20 ]
52 silly lockFile 3a52ce78- .
53 silly publish { name: 'randomString',
53 silly publish   version: '0.0.0',
53 silly publish   description: 'A quick way to generate a random alpha-(and/or)-numeric strings of any length',
53 silly publish   main: 'index.js',
53 silly publish   scripts: { test: 'echo "Error: no test specified" && exit 1' },
53 silly publish   repository:
53 silly publish    { type: 'git',
53 silly publish      url: 'https://github.com/matthewpalmer/randomString.git' },
53 silly publish   keywords:
53 silly publish    [ 'randomstring',
53 silly publish      'random',
53 silly publish      'string',
53 silly publish      'generate',
53 silly publish      'random',
53 silly publish      'string' ],
53 silly publish   author: { name: 'Matthew Palmer' },
53 silly publish   license: 'BSD',
53 silly publish   readme: 'A quick way to generate a random alpha-(and/or)-numeric strings of any length.\nI think I probably sourced it from StackOverflow or some forum thread, but I use it a lot - thought it might be worth sharing.\n\n__`npm install randomString`__\n\nAll functions include uppercase and lowercase letters. It\'s easy to adjust the potential characters yourself.\n\n__Examples__\n```javascript\nrandomString.string(5); //returns pure alphabet string 5 letters long\n\nrandomString.number(2); //returns 2 digit number\n\nrandomString.alphanumeric(32); //returns alphanumeric (letters and numbers) string of length 32\n```',
53 silly publish   readmeFilename: 'README.md',
53 silly publish   _id: 'randomString@0.0.0',
53 silly publish   dist: { shasum: 'aa9d0af077bf6d10b1fe80e0629d1417dcfe8f76' } }
54 verbose url raw randomString
55 verbose url resolving [ 'https://registry.npmjs.org/', './randomString' ]
56 verbose url resolved https://registry.npmjs.org/randomString
57 info trying registry request attempt 1 at 20:16:52
58 http PUT https://registry.npmjs.org/randomString
59 http 403 https://registry.npmjs.org/randomString
60 error publish Failed PUT response 403
61 error Error: forbidden New packages must have all-lowercase names: randomString
61 error     at RegClient.<anonymous> (/usr/local/lib/node_modules/npm/node_modules/npm-registry-client/lib/request.js:259:14)
61 error     at Request.init.self.callback (/usr/local/lib/node_modules/npm/node_modules/request/main.js:120:22)
61 error     at Request.EventEmitter.emit (events.js:99:17)
61 error     at Request.<anonymous> (/usr/local/lib/node_modules/npm/node_modules/request/main.js:648:16)
61 error     at Request.EventEmitter.emit (events.js:126:20)
61 error     at IncomingMessage.Request.start.self.req.self.httpModule.request.buffer (/usr/local/lib/node_modules/npm/node_modules/request/main.js:610:14)
61 error     at IncomingMessage.EventEmitter.emit (events.js:126:20)
61 error     at IncomingMessage._emitEnd (http.js:366:10)
61 error     at HTTPParser.parserOnMessageComplete [as onMessageComplete] (http.js:149:23)
61 error     at CleartextStream.socketOnData [as ondata] (http.js:1367:20)
62 error If you need help, you may report this log at:
62 error     <http://github.com/isaacs/npm/issues>
62 error or email it to:
62 error     <npm-@googlegroups.com>
63 error System Darwin 12.3.0
64 error command "node" "/usr/local/bin/npm" "publish"
65 error cwd /Users/Matthew/js/npm/randomString
66 error node -v v0.8.15
67 error npm -v 1.1.66
68 verbose exit [ 1, true ]
